mode: atomic
github.com/kislerdm/diagramastext/core/c4diagram.go:27.61,29.16 2 4
github.com/kislerdm/diagramastext/core/c4diagram.go:32.2,33.16 2 3
github.com/kislerdm/diagramastext/core/c4diagram.go:36.2,36.37 1 3
github.com/kislerdm/diagramastext/core/c4diagram.go:29.16,31.3 1 1
github.com/kislerdm/diagramastext/core/c4diagram.go:33.16,35.3 1 0
github.com/kislerdm/diagramastext/core/c4diagram.go:39.67,43.16 3 3
github.com/kislerdm/diagramastext/core/c4diagram.go:47.2,47.27 1 2
github.com/kislerdm/diagramastext/core/c4diagram.go:51.2,52.15 2 1
github.com/kislerdm/diagramastext/core/c4diagram.go:53.2,53.16 1 1
github.com/kislerdm/diagramastext/core/c4diagram.go:57.2,57.17 1 1
github.com/kislerdm/diagramastext/core/c4diagram.go:43.16,45.3 1 1
github.com/kislerdm/diagramastext/core/c4diagram.go:47.27,49.3 1 1
github.com/kislerdm/diagramastext/core/c4diagram.go:52.15,52.40 1 1
github.com/kislerdm/diagramastext/core/c4diagram.go:53.16,55.3 1 0
github.com/kislerdm/diagramastext/core/c4diagram.go:66.85,71.28 2 2
github.com/kislerdm/diagramastext/core/c4diagram.go:75.2,80.3 2 2
github.com/kislerdm/diagramastext/core/c4diagram.go:71.28,73.3 1 1
github.com/kislerdm/diagramastext/core/c4diagram.go:84.72,85.40 1 1
github.com/kislerdm/diagramastext/core/c4diagram.go:85.40,87.3 1 1
github.com/kislerdm/diagramastext/core/c4diagram.go:90.50,91.25 1 2
github.com/kislerdm/diagramastext/core/c4diagram.go:91.25,93.3 1 1
github.com/kislerdm/diagramastext/core/c4diagram.go:110.42,112.16 2 4
github.com/kislerdm/diagramastext/core/c4diagram.go:115.2,115.26 1 4
github.com/kislerdm/diagramastext/core/c4diagram.go:112.16,114.3 1 0
github.com/kislerdm/diagramastext/core/c4diagram.go:118.41,121.90 3 13
github.com/kislerdm/diagramastext/core/c4diagram.go:124.2,124.23 1 12
github.com/kislerdm/diagramastext/core/c4diagram.go:121.90,123.3 1 1
github.com/kislerdm/diagramastext/core/c4diagram.go:127.32,129.33 2 7
github.com/kislerdm/diagramastext/core/c4diagram.go:139.2,139.19 1 7
github.com/kislerdm/diagramastext/core/c4diagram.go:129.33,130.17 1 156
github.com/kislerdm/diagramastext/core/c4diagram.go:131.14,132.42 1 1
github.com/kislerdm/diagramastext/core/c4diagram.go:133.14,134.37 1 1
github.com/kislerdm/diagramastext/core/c4diagram.go:135.11,136.47 1 154
github.com/kislerdm/diagramastext/core/c4diagram.go:142.40,156.2 10 156
github.com/kislerdm/diagramastext/core/c4diagram.go:158.30,159.12 1 686
github.com/kislerdm/diagramastext/core/c4diagram.go:163.2,164.12 2 561
github.com/kislerdm/diagramastext/core/c4diagram.go:168.2,169.12 2 281
github.com/kislerdm/diagramastext/core/c4diagram.go:173.2,174.11 2 21
github.com/kislerdm/diagramastext/core/c4diagram.go:159.12,161.3 1 125
github.com/kislerdm/diagramastext/core/c4diagram.go:164.12,166.3 1 280
github.com/kislerdm/diagramastext/core/c4diagram.go:169.12,171.3 1 260
github.com/kislerdm/diagramastext/core/c4diagram.go:175.9,176.13 1 12
github.com/kislerdm/diagramastext/core/c4diagram.go:177.9,178.13 1 9
github.com/kislerdm/diagramastext/core/c4diagram.go:179.10,180.13 1 0
github.com/kislerdm/diagramastext/core/c4diagram.go:184.34,185.18 1 13
github.com/kislerdm/diagramastext/core/c4diagram.go:188.2,188.25 1 13
github.com/kislerdm/diagramastext/core/c4diagram.go:191.2,191.10 1 13
github.com/kislerdm/diagramastext/core/c4diagram.go:185.18,187.3 1 1
github.com/kislerdm/diagramastext/core/c4diagram.go:188.25,190.3 1 1
github.com/kislerdm/diagramastext/core/c4diagram.go:194.51,195.24 1 3
github.com/kislerdm/diagramastext/core/c4diagram.go:198.2,198.55 1 0
github.com/kislerdm/diagramastext/core/c4diagram.go:195.24,197.3 1 3
github.com/kislerdm/diagramastext/core/c4diagram.go:201.46,202.16 1 8
github.com/kislerdm/diagramastext/core/c4diagram.go:206.2,208.35 2 7
github.com/kislerdm/diagramastext/core/c4diagram.go:220.2,220.16 1 7
github.com/kislerdm/diagramastext/core/c4diagram.go:224.2,227.17 3 7
github.com/kislerdm/diagramastext/core/c4diagram.go:230.2,232.24 2 7
github.com/kislerdm/diagramastext/core/c4diagram.go:236.2,238.15 2 7
github.com/kislerdm/diagramastext/core/c4diagram.go:202.16,204.3 1 1
github.com/kislerdm/diagramastext/core/c4diagram.go:209.12,209.12 0 1
github.com/kislerdm/diagramastext/core/c4diagram.go:210.13,211.16 1 6
github.com/kislerdm/diagramastext/core/c4diagram.go:215.3,215.19 1 6
github.com/kislerdm/diagramastext/core/c4diagram.go:211.16,213.4 1 1
github.com/kislerdm/diagramastext/core/c4diagram.go:215.19,217.4 1 2
github.com/kislerdm/diagramastext/core/c4diagram.go:220.16,222.3 1 2
github.com/kislerdm/diagramastext/core/c4diagram.go:227.17,229.3 1 6
github.com/kislerdm/diagramastext/core/c4diagram.go:232.24,234.3 1 1
github.com/kislerdm/diagramastext/core/c4diagram.go:241.46,242.32 1 6
github.com/kislerdm/diagramastext/core/c4diagram.go:246.2,248.46 2 4
github.com/kislerdm/diagramastext/core/c4diagram.go:252.2,254.19 2 4
github.com/kislerdm/diagramastext/core/c4diagram.go:258.2,258.24 1 4
github.com/kislerdm/diagramastext/core/c4diagram.go:262.2,264.15 2 4
github.com/kislerdm/diagramastext/core/c4diagram.go:242.32,244.3 1 2
github.com/kislerdm/diagramastext/core/c4diagram.go:248.46,250.3 1 1
github.com/kislerdm/diagramastext/core/c4diagram.go:254.19,256.3 1 3
github.com/kislerdm/diagramastext/core/c4diagram.go:258.24,260.3 1 2
github.com/kislerdm/diagramastext/core/c4diagram.go:267.37,268.36 1 10
github.com/kislerdm/diagramastext/core/c4diagram.go:269.12,270.13 1 2
github.com/kislerdm/diagramastext/core/c4diagram.go:271.12,272.13 1 1
github.com/kislerdm/diagramastext/core/c4diagram.go:273.12,274.13 1 1
github.com/kislerdm/diagramastext/core/c4diagram.go:275.12,276.13 1 1
github.com/kislerdm/diagramastext/core/c4diagram.go:277.10,278.12 1 5
github.com/kislerdm/diagramastext/core/c4diagram.go:282.37,287.2 4 13
github.com/kislerdm/diagramastext/core/c4diagram.go:290.68,291.27 1 7
github.com/kislerdm/diagramastext/core/c4diagram.go:295.2,300.23 3 3
github.com/kislerdm/diagramastext/core/c4diagram.go:304.2,306.15 2 3
github.com/kislerdm/diagramastext/core/c4diagram.go:291.27,293.3 1 4
github.com/kislerdm/diagramastext/core/c4diagram.go:300.23,302.3 1 0
github.com/kislerdm/diagramastext/core/c4diagram.go:309.50,311.2 1 0
github.com/kislerdm/diagramastext/core/core.go:47.44,50.16 2 1
github.com/kislerdm/diagramastext/core/core.go:53.2,53.10 1 1
github.com/kislerdm/diagramastext/core/core.go:50.16,51.13 1 0
